[1] "Converting objects to AnnDatas..."
> write_anndata(sce, paste0(out,"/sce.h5ad"))
ℹ Using the 'counts' assay as the X matrix
> colData(spe)$dateImg = as.character(colData(spe)$dateImg)
> write_anndata(spe, paste0(out,"/spe.h5ad"))
ℹ Using the 'counts' assay as the X matrix

> session_info()
─ Session info ───────────────────────────────────────────────────────────────────────────────────────────────────────────────────────────────────────────────────────────────────────────────────────────
 setting  value
 version  R Under development (unstable) (2023-08-09 r84918)
 os       CentOS Linux 7 (Core)
 system   x86_64, linux-gnu
 ui       X11
 language (EN)
 collate  en_US.UTF-8
 ctype    en_US.UTF-8
 tz       US/Eastern
 date     2023-08-10
 pandoc   NA

─ Packages ───────────────────────────────────────────────────────────────────────────────────────────────────────────────────────────────────────────────────────────────────────────────────────────────
 package              * version   date (UTC) lib source
 basilisk             * 1.11.3    2023-03-16 [1] Bioconductor
 basilisk.utils         1.11.2    2023-01-31 [1] Bioconductor
 beachmat               2.15.2    2023-04-06 [1] Bioconductor
 Biobase              * 2.59.0    2022-11-01 [1] Bioconductor
 BiocGenerics         * 0.47.0    2023-04-25 [1] Bioconductor
 BiocNeighbors          1.17.1    2022-11-09 [1] Bioconductor
 BiocParallel           1.33.12   2023-03-28 [1] Bioconductor
 BiocSingular           1.15.0    2022-11-01 [1] Bioconductor
 bitops                 1.0-7     2021-04-24 [2] CRAN (R 4.2.0)
 bluster                1.9.1     2023-01-12 [2] Bioconductor
 cli                    3.6.1     2023-03-23 [1] CRAN (R 4.4.0)
 cluster                2.1.4     2022-08-22 [3] CRAN (R 4.4.0)
 codetools              0.2-19    2023-02-01 [3] CRAN (R 4.4.0)
 colorout             * 1.2-2     2022-03-10 [1] Github (jalvesaq/colorout@79931fd)
 colorspace             2.1-0     2023-01-23 [2] CRAN (R 4.3.0)
 DeconvoBuddies       * 0.99.0    2023-08-08 [1] Github (LieberInstitute/DeconvoBuddies@9ce4a42)
 DelayedArray           0.25.0    2022-11-01 [1] Bioconductor
 DelayedMatrixStats     1.21.0    2022-11-01 [1] Bioconductor
 dir.expiry             1.7.0     2022-11-01 [1] Bioconductor
 dplyr                * 1.1.1     2023-03-22 [2] CRAN (R 4.3.0)
 dqrng                  0.3.0     2021-05-01 [2] CRAN (R 4.2.0)
 DropletUtils           1.19.3    2023-02-06 [2] Bioconductor
 edgeR                  3.41.6    2023-03-01 [1] Bioconductor
 fansi                  1.0.4     2023-01-22 [2] CRAN (R 4.3.0)
 filelock               1.0.2     2018-10-05 [2] CRAN (R 4.1.0)
 forcats              * 1.0.0     2023-01-29 [2] CRAN (R 4.3.0)
 generics               0.1.3     2022-07-05 [2] CRAN (R 4.2.0)
 GenomeInfoDb         * 1.37.1    2023-05-04 [1] Bioconductor
 GenomeInfoDbData       1.2.10    2023-03-21 [2] Bioconductor
 GenomicRanges        * 1.51.4    2022-12-15 [1] Bioconductor
 ggplot2              * 3.4.2     2023-04-03 [1] CRAN (R 4.4.0)
 glue                   1.6.2     2022-02-24 [2] CRAN (R 4.2.0)
 gtable                 0.3.3     2023-03-21 [2] CRAN (R 4.3.0)
 HDF5Array              1.27.0    2022-11-01 [1] Bioconductor
 here                 * 1.0.1     2020-12-13 [1] CRAN (R 4.2.0)
 hms                    1.1.3     2023-03-21 [2] CRAN (R 4.3.0)
 igraph                 1.4.1     2023-02-24 [2] CRAN (R 4.3.0)
 IRanges              * 2.33.1    2023-04-09 [1] Bioconductor
 irlba                  2.3.5.1   2022-10-03 [2] CRAN (R 4.2.0)
 jsonlite               1.8.4     2022-12-06 [2] CRAN (R 4.3.0)
 lattice                0.21-8    2023-04-05 [3] CRAN (R 4.4.0)
 lifecycle              1.0.3     2022-10-07 [2] CRAN (R 4.3.0)
 limma                  3.55.7    2023-04-10 [1] Bioconductor
 locfit                 1.5-9.7   2023-01-02 [2] CRAN (R 4.3.0)
 lubridate            * 1.9.2     2023-02-10 [2] CRAN (R 4.3.0)
 magick                 2.7.4     2023-03-09 [2] CRAN (R 4.3.0)
 magrittr               2.0.3     2022-03-30 [2] CRAN (R 4.2.0)
 Matrix                 1.5-3     2022-11-11 [2] CRAN (R 4.3.0)
 MatrixGenerics       * 1.13.0    2023-04-25 [1] Bioconductor
 matrixStats          * 0.63.0    2022-11-18 [2] CRAN (R 4.3.0)
 metapod                1.7.0     2022-11-01 [2] Bioconductor
 munsell                0.5.0     2018-06-12 [2] CRAN (R 4.1.0)
 pillar                 1.9.0     2023-03-22 [2] CRAN (R 4.3.0)
 pkgconfig              2.0.3     2019-09-22 [2] CRAN (R 4.1.0)
 png                    0.1-8     2022-11-29 [2] CRAN (R 4.3.0)
 purrr                * 1.0.1     2023-01-10 [1] CRAN (R 4.4.0)
 R.methodsS3            1.8.2     2022-06-13 [2] CRAN (R 4.2.0)
 R.oo                   1.25.0    2022-06-12 [2] CRAN (R 4.2.0)
 R.utils                2.12.2    2022-11-11 [2] CRAN (R 4.3.0)
 R6                     2.5.1     2021-08-19 [2] CRAN (R 4.2.0)
 rafalib                1.0.0     2015-08-09 [1] CRAN (R 4.2.0)
 RColorBrewer           1.1-3     2022-04-03 [2] CRAN (R 4.2.0)
 Rcpp                   1.0.10    2023-01-22 [2] CRAN (R 4.3.0)
 RCurl                  1.98-1.12 2023-03-27 [1] CRAN (R 4.4.0)
 readr                * 2.1.4     2023-02-10 [2] CRAN (R 4.3.0)
 reticulate           * 1.26      2022-08-31 [1] CRAN (R 4.3.0)
 rhdf5                  2.43.5    2023-04-17 [1] Bioconductor
 rhdf5filters           1.11.3    2023-04-18 [1] Bioconductor
 Rhdf5lib               1.21.0    2022-11-01 [1] Bioconductor
 rjson                  0.2.21    2022-01-09 [2] CRAN (R 4.2.0)
 rlang                  1.1.1     2023-04-28 [1] CRAN (R 4.4.0)
 rprojroot              2.0.3     2022-04-02 [2] CRAN (R 4.2.0)
 rsvd                   1.0.5     2021-04-16 [2] CRAN (R 4.2.0)
 S4Vectors            * 0.37.6    2023-04-14 [1] Bioconductor
 ScaledMatrix           1.7.0     2022-11-01 [1] Bioconductor
 scales                 1.2.1     2022-08-20 [2] CRAN (R 4.2.0)
 scran                  1.27.2    2023-03-14 [2] Bioconductor
 scuttle                1.9.4     2023-01-23 [1] Bioconductor
 sessioninfo          * 1.2.2     2021-12-06 [2] CRAN (R 4.2.0)
 SingleCellExperiment * 1.21.1    2023-03-16 [1] Bioconductor
 sparseMatrixStats      1.11.1    2022-12-30 [1] Bioconductor
 SpatialExperiment    * 1.9.5     2023-03-05 [1] Bioconductor
 statmod                1.5.0     2023-01-06 [2] CRAN (R 4.3.0)
 stringi                1.7.12    2023-01-11 [2] CRAN (R 4.3.0)
 stringr              * 1.5.0     2022-12-02 [2] CRAN (R 4.3.0)
 SummarizedExperiment * 1.29.1    2022-11-04 [1] Bioconductor
 tibble               * 3.2.1     2023-03-20 [2] CRAN (R 4.3.0)
 tidyr                * 1.3.0     2023-01-24 [2] CRAN (R 4.3.0)
 tidyselect             1.2.0     2022-10-10 [1] CRAN (R 4.3.0)
 tidyverse            * 2.0.0     2023-02-22 [2] CRAN (R 4.3.0)
 timechange             0.2.0     2023-01-11 [2] CRAN (R 4.3.0)
 tzdb                   0.3.0     2022-03-28 [2] CRAN (R 4.2.0)
 utf8                   1.2.3     2023-01-31 [2] CRAN (R 4.3.0)
 vctrs                  0.6.2     2023-04-19 [1] CRAN (R 4.4.0)
 withr                  2.5.0     2022-03-03 [2] CRAN (R 4.2.0)
 XVector                0.39.0    2022-11-01 [1] Bioconductor
 zellkonverter        * 1.6.0     2022-04-26 [1] Bioconductor
 zlibbioc               1.47.0    2023-04-25 [1] Bioconductor

 [1] /users/mtippani/R/devel
 [2] /jhpce/shared/jhpce/core/conda/miniconda3-4.6.14/envs/svnR-devel/R/devel/lib64/R/site-library
 [3] /jhpce/shared/jhpce/core/conda/miniconda3-4.6.14/envs/svnR-devel/R/devel/lib64/R/library

─ Python configuration ───────────────────────────────────────────────────────────────────────────────────────────────────────────────────────────────────────────────────────────────────────────────────
 python:         /users/mtippani/.cache/R/basilisk/1.11.3/zellkonverter/1.6.0/zellkonverterAnnDataEnv-0.8.0/bin/python
 libpython:      /users/mtippani/.cache/R/basilisk/1.11.3/zellkonverter/1.6.0/zellkonverterAnnDataEnv-0.8.0/lib/libpython3.8.so
 pythonhome:     /users/mtippani/.cache/R/basilisk/1.11.3/zellkonverter/1.6.0/zellkonverterAnnDataEnv-0.8.0:/users/mtippani/.cache/R/basilisk/1.11.3/zellkonverter/1.6.0/zellkonverterAnnDataEnv-0.8.0
 version:        3.8.13 | packaged by conda-forge | (default, Mar 25 2022, 06:04:18)  [GCC 10.3.0]
 numpy:          /users/mtippani/.cache/R/basilisk/1.11.3/zellkonverter/1.6.0/zellkonverterAnnDataEnv-0.8.0/lib/python3.8/site-packages/numpy
 numpy_version:  1.22.3
 
 NOTE: Python version was forced by use_python function

──────────────────────────────────────────────────────────────────────────────────────────────────────────────────────────────────────────────────────────────────────────────────────────────────────────
> 
